2026-02-09T11:07:15.068-04:00  INFO 52704 --- [demo4] [main] c.example.demo4.Demo4ApplicationTests    : Starting Demo4ApplicationTests using Java 25.0.1 with PID 52704 (started by hyujra in C:\proys\new\demo4)
2026-02-09T11:07:15.069-04:00  INFO 52704 --- [demo4] [main] c.example.demo4.Demo4ApplicationTests    : No active profile set, falling back to 1 default profile: "default"
2026-02-09T11:07:15.623-04:00  INFO 52704 --- [demo4] [main] c.example.demo4.Demo4ApplicationTests    : Started Demo4ApplicationTests in 0.718 seconds (process running for 1.378)
2026-02-09T11:07:34.745-04:00  INFO 10520 --- [demo4] [main] com.example.demo4.Demo4Application       : Starting Demo4Application v0.0.1-SNAPSHOT using Java 25.0.1 with PID 10520 (C:\proys\new\demo4\target\demo4-0.0.1-SNAPSHOT.jar started by hyujra in C:\proys\new\demo4)
2026-02-09T11:07:34.751-04:00  INFO 10520 --- [demo4] [main] com.example.demo4.Demo4Application       : No active profile set, falling back to 1 default profile: "default"
2026-02-09T11:07:35.191-04:00  INFO 10520 --- [demo4] [main] o.s.boot.tomcat.TomcatWebServer          : Tomcat initialized with port 8080 (http)
2026-02-09T11:07:35.201-04:00  INFO 10520 --- [demo4] [main] o.apache.catalina.core.StandardService   : Starting service [Tomcat]
2026-02-09T11:07:35.201-04:00  INFO 10520 --- [demo4] [main] o.apache.catalina.core.StandardEngine    : Starting Servlet engine: [Apache Tomcat/11.0.15]
2026-02-09T11:07:35.219-04:00  INFO 10520 --- [demo4] [main] b.w.c.s.WebApplicationContextInitializer : Root WebApplicationContext: initialization completed in 436 ms
2026-02-09T11:07:35.421-04:00  INFO 10520 --- [demo4] [main] o.s.boot.tomcat.TomcatWebServer          : Tomcat started on port 8080 (http) with context path '/'
2026-02-09T11:07:35.427-04:00  INFO 10520 --- [demo4] [main] com.example.demo4.Demo4Application       : Started Demo4Application in 0.926 seconds (process running for 1.164)
2026-02-09T11:08:26.462-04:00  INFO 10520 --- [demo4] [http-nio-8080-exec-1] o.a.c.c.C.[Tomcat].[localhost].[/]       : Initializing Spring DispatcherServlet 'dispatcherServlet'
2026-02-09T11:08:26.477-04:00  INFO 10520 --- [demo4] [http-nio-8080-exec-1] com.example.demo4.Sample                 : User Juan ha iniciado sesión
2026-02-09T11:11:32.026-04:00  INFO 10520 --- [demo4] [http-nio-8080-exec-2] com.example.demo4.Sample11               : Mensaje INFO - información general
2026-02-09T11:11:32.027-04:00  WARN 10520 --- [demo4] [http-nio-8080-exec-2] com.example.demo4.Sample11               : Mensaje WARN - advertencia
2026-02-09T11:11:32.027-04:00 ERROR 10520 --- [demo4] [http-nio-8080-exec-2] com.example.demo4.Sample11               : Mensaje ERROR - error
2026-02-09T11:11:32.028-04:00  INFO 10520 --- [demo4] [http-nio-8080-exec-2] com.example.demo4.Sample11               : Usuario Juan ha iniciado sesión
2026-02-09T11:11:32.028-04:00 ERROR 10520 --- [demo4] [http-nio-8080-exec-2] com.example.demo4.Sample11               : Error procesando solicitud

java.lang.ArithmeticException: / by zero
	at com.example.demo4.Sample11.get(Sample11.java:28) ~[!/:0.0.1-SNAPSHOT]
	at java.base/jdk.internal.reflect.DirectMethodHandleAccessor.invoke(DirectMethodHandleAccessor.java:104) ~[na:na]
	at java.base/java.lang.reflect.Method.invoke(Method.java:565) ~[na:na]
	at org.springframework.web.method.support.InvocableHandlerMethod.doInvoke(InvocableHandlerMethod.java:258) ~[spring-web-7.0.3.jar!/:7.0.3]
	at org.springframework.web.method.support.InvocableHandlerMethod.invokeForRequest(InvocableHandlerMethod.java:190) ~[spring-web-7.0.3.jar!/:7.0.3]
	at org.springframework.web.servlet.mvc.method.annotation.ServletInvocableHandlerMethod.invokeAndHandle(ServletInvocableHandlerMethod.java:117) ~[spring-webmvc-7.0.3.jar!/:7.0.3]
	at org.springframework.web.servlet.mvc.method.annotation.RequestMappingHandlerAdapter.invokeHandlerMethod(RequestMappingHandlerAdapter.java:934) ~[spring-webmvc-7.0.3.jar!/:7.0.3]
	at org.springframework.web.servlet.mvc.method.annotation.RequestMappingHandlerAdapter.handleInternal(RequestMappingHandlerAdapter.java:853) ~[spring-webmvc-7.0.3.jar!/:7.0.3]
	at org.springframework.web.servlet.mvc.method.AbstractHandlerMethodAdapter.handle(AbstractHandlerMethodAdapter.java:86) ~[spring-webmvc-7.0.3.jar!/:7.0.3]
	at org.springframework.web.servlet.DispatcherServlet.doDispatch(DispatcherServlet.java:963) ~[spring-webmvc-7.0.3.jar!/:7.0.3]
	at org.springframework.web.servlet.DispatcherServlet.doService(DispatcherServlet.java:866) ~[spring-webmvc-7.0.3.jar!/:7.0.3]
	at org.springframework.web.servlet.FrameworkServlet.processRequest(FrameworkServlet.java:1003) ~[spring-webmvc-7.0.3.jar!/:7.0.3]
	at org.springframework.web.servlet.FrameworkServlet.doGet(FrameworkServlet.java:892) ~[spring-webmvc-7.0.3.jar!/:7.0.3]
	at jakarta.servlet.http.HttpServlet.service(HttpServlet.java:622) ~[tomcat-embed-core-11.0.15.jar!/:na]
	at org.springframework.web.servlet.FrameworkServlet.service(FrameworkServlet.java:874) ~[spring-webmvc-7.0.3.jar!/:7.0.3]
	at jakarta.servlet.http.HttpServlet.service(HttpServlet.java:710) ~[tomcat-embed-core-11.0.15.jar!/:na]
	at org.apache.catalina.core.ApplicationFilterChain.doFilter(ApplicationFilterChain.java:128) ~[tomcat-embed-core-11.0.15.jar!/:na]
	at org.apache.tomcat.websocket.server.WsFilter.doFilter(WsFilter.java:53) ~[tomcat-embed-websocket-11.0.15.jar!/:na]
	at org.apache.catalina.core.ApplicationFilterChain.doFilter(ApplicationFilterChain.java:107) ~[tomcat-embed-core-11.0.15.jar!/:na]
	at org.springframework.web.filter.RequestContextFilter.doFilterInternal(RequestContextFilter.java:100) ~[spring-web-7.0.3.jar!/:7.0.3]
	at org.springframework.web.filter.OncePerRequestFilter.doFilter(OncePerRequestFilter.java:116) ~[spring-web-7.0.3.jar!/:7.0.3]
	at org.apache.catalina.core.ApplicationFilterChain.doFilter(ApplicationFilterChain.java:107) ~[tomcat-embed-core-11.0.15.jar!/:na]
	at org.springframework.web.filter.FormContentFilter.doFilterInternal(FormContentFilter.java:93) ~[spring-web-7.0.3.jar!/:7.0.3]
	at org.springframework.web.filter.OncePerRequestFilter.doFilter(OncePerRequestFilter.java:116) ~[spring-web-7.0.3.jar!/:7.0.3]
	at org.apache.catalina.core.ApplicationFilterChain.doFilter(ApplicationFilterChain.java:107) ~[tomcat-embed-core-11.0.15.jar!/:na]
	at org.springframework.web.filter.CharacterEncodingFilter.doFilterInternal(CharacterEncodingFilter.java:199) ~[spring-web-7.0.3.jar!/:7.0.3]
	at org.springframework.web.filter.OncePerRequestFilter.doFilter(OncePerRequestFilter.java:116) ~[spring-web-7.0.3.jar!/:7.0.3]
	at org.apache.catalina.core.ApplicationFilterChain.doFilter(ApplicationFilterChain.java:107) ~[tomcat-embed-core-11.0.15.jar!/:na]
	at org.apache.catalina.core.StandardWrapperValve.invoke(StandardWrapperValve.java:165) ~[tomcat-embed-core-11.0.15.jar!/:na]
	at org.apache.catalina.core.StandardContextValve.invoke(StandardContextValve.java:77) ~[tomcat-embed-core-11.0.15.jar!/:na]
	at org.apache.catalina.authenticator.AuthenticatorBase.invoke(AuthenticatorBase.java:482) ~[tomcat-embed-core-11.0.15.jar!/:na]
	at org.apache.catalina.core.StandardHostValve.invoke(StandardHostValve.java:113) ~[tomcat-embed-core-11.0.15.jar!/:na]
	at org.apache.catalina.valves.ErrorReportValve.invoke(ErrorReportValve.java:83) ~[tomcat-embed-core-11.0.15.jar!/:na]
	at org.apache.catalina.core.StandardEngineValve.invoke(StandardEngineValve.java:72) ~[tomcat-embed-core-11.0.15.jar!/:na]
	at org.apache.catalina.connector.CoyoteAdapter.service(CoyoteAdapter.java:341) ~[tomcat-embed-core-11.0.15.jar!/:na]
	at org.apache.coyote.http11.Http11Processor.service(Http11Processor.java:397) ~[tomcat-embed-core-11.0.15.jar!/:na]
	at org.apache.coyote.AbstractProcessorLight.process(AbstractProcessorLight.java:63) ~[tomcat-embed-core-11.0.15.jar!/:na]
	at org.apache.coyote.AbstractProtocol$ConnectionHandler.process(AbstractProtocol.java:903) ~[tomcat-embed-core-11.0.15.jar!/:na]
	at org.apache.tomcat.util.net.NioEndpoint$SocketProcessor.doRun(NioEndpoint.java:1778) ~[tomcat-embed-core-11.0.15.jar!/:na]
	at org.apache.tomcat.util.net.SocketProcessorBase.run(SocketProcessorBase.java:52) ~[tomcat-embed-core-11.0.15.jar!/:na]
	at org.apache.tomcat.util.threads.ThreadPoolExecutor.runWorker(ThreadPoolExecutor.java:946) ~[tomcat-embed-core-11.0.15.jar!/:na]
	at org.apache.tomcat.util.threads.ThreadPoolExecutor$Worker.run(ThreadPoolExecutor.java:480) ~[tomcat-embed-core-11.0.15.jar!/:na]
	at org.apache.tomcat.util.threads.TaskThread$WrappingRunnable.run(TaskThread.java:57) ~[tomcat-embed-core-11.0.15.jar!/:na]
	at java.base/java.lang.Thread.run(Thread.java:1474) ~[na:na]

2026-02-09T11:14:09.076-04:00  INFO 10520 --- [demo4] [SpringApplicationShutdownHook] o.s.boot.tomcat.GracefulShutdown         : Commencing graceful shutdown. Waiting for active requests to complete
2026-02-09T11:14:09.083-04:00  INFO 10520 --- [demo4] [tomcat-shutdown] o.s.boot.tomcat.GracefulShutdown         : Graceful shutdown complete
2026-02-09T11:14:14.646-04:00  INFO 88700 --- [demo4] [main] c.example.demo4.Demo4ApplicationTests    : Starting Demo4ApplicationTests using Java 25.0.1 with PID 88700 (started by hyujra in C:\proys\new\demo4)
2026-02-09T11:14:14.647-04:00  INFO 88700 --- [demo4] [main] c.example.demo4.Demo4ApplicationTests    : No active profile set, falling back to 1 default profile: "default"
2026-02-09T11:14:15.170-04:00  INFO 88700 --- [demo4] [main] c.example.demo4.Demo4ApplicationTests    : Started Demo4ApplicationTests in 0.679 seconds (process running for 1.26)
2026-02-09T11:14:19.194-04:00  INFO 111036 --- [demo4] [main] com.example.demo4.Demo4Application       : Starting Demo4Application v0.0.1-SNAPSHOT using Java 25.0.1 with PID 111036 (C:\proys\new\demo4\target\demo4-0.0.1-SNAPSHOT.jar started by hyujra in C:\proys\new\demo4)
2026-02-09T11:14:19.197-04:00  INFO 111036 --- [demo4] [main] com.example.demo4.Demo4Application       : No active profile set, falling back to 1 default profile: "default"
2026-02-09T11:14:19.634-04:00  INFO 111036 --- [demo4] [main] o.s.boot.tomcat.TomcatWebServer          : Tomcat initialized with port 8080 (http)
2026-02-09T11:14:19.647-04:00  INFO 111036 --- [demo4] [main] o.apache.catalina.core.StandardService   : Starting service [Tomcat]
2026-02-09T11:14:19.648-04:00  INFO 111036 --- [demo4] [main] o.apache.catalina.core.StandardEngine    : Starting Servlet engine: [Apache Tomcat/11.0.15]
2026-02-09T11:14:19.662-04:00  INFO 111036 --- [demo4] [main] b.w.c.s.WebApplicationContextInitializer : Root WebApplicationContext: initialization completed in 435 ms
2026-02-09T11:14:19.855-04:00  INFO 111036 --- [demo4] [main] o.s.boot.tomcat.TomcatWebServer          : Tomcat started on port 8080 (http) with context path '/'
2026-02-09T11:14:19.861-04:00  INFO 111036 --- [demo4] [main] com.example.demo4.Demo4Application       : Started Demo4Application in 0.908 seconds (process running for 1.167)
2026-02-09T11:14:42.370-04:00  INFO 111036 --- [demo4] [http-nio-8080-exec-1] o.a.c.c.C.[Tomcat].[localhost].[/]       : Initializing Spring DispatcherServlet 'dispatcherServlet'
2026-02-09T11:14:42.384-04:00  INFO 111036 --- [demo4] [http-nio-8080-exec-1] com.example.demo4.Sample                 : User Juan ha iniciado sesión
2026-02-09T11:19:02.132-04:00  INFO 111036 --- [demo4] [SpringApplicationShutdownHook] o.s.boot.tomcat.GracefulShutdown         : Commencing graceful shutdown. Waiting for active requests to complete
2026-02-09T11:19:02.139-04:00  INFO 111036 --- [demo4] [tomcat-shutdown] o.s.boot.tomcat.GracefulShutdown         : Graceful shutdown complete
{"@timestamp":"2026-02-09T16:16:39.813255800Z","log":{"level":"INFO","logger":"com.example.demo4.Demo4ApplicationTests"},"process":{"pid":2608,"thread":{"name":"main"}},"service":{"name":"demo4","node":{}},"message":"Starting Demo4ApplicationTests using Java 25.0.1 with PID 2608 (started by hyujra in C:\\proys\\new\\demo4)","tags":["COMMONS-LOGGING"],"ecs":{"version":"8.11"}}
{"@timestamp":"2026-02-09T16:16:39.818277600Z","log":{"level":"INFO","logger":"com.example.demo4.Demo4ApplicationTests"},"process":{"pid":2608,"thread":{"name":"main"}},"service":{"name":"demo4","node":{}},"message":"No active profile set, falling back to 1 default profile: \"default\"","tags":["COMMONS-LOGGING"],"ecs":{"version":"8.11"}}
{"@timestamp":"2026-02-09T16:16:40.405043900Z","log":{"level":"INFO","logger":"com.example.demo4.Demo4ApplicationTests"},"process":{"pid":2608,"thread":{"name":"main"}},"service":{"name":"demo4","node":{}},"message":"Started Demo4ApplicationTests in 0.783 seconds (process running for 1.572)","tags":["COMMONS-LOGGING"],"ecs":{"version":"8.11"}}
{"@timestamp":"2026-02-09T16:16:53.347968100Z","log":{"level":"INFO","logger":"com.example.demo4.Demo4Application"},"process":{"pid":62224,"thread":{"name":"main"}},"service":{"name":"demo4","version":"0.0.1-SNAPSHOT","node":{}},"message":"Starting Demo4Application v0.0.1-SNAPSHOT using Java 25.0.1 with PID 62224 (C:\\proys\\new\\demo4\\target\\demo4-0.0.1-SNAPSHOT.jar started by hyujra in C:\\proys\\new\\demo4)","tags":["COMMONS-LOGGING"],"ecs":{"version":"8.11"}}
{"@timestamp":"2026-02-09T16:16:53.354001500Z","log":{"level":"INFO","logger":"com.example.demo4.Demo4Application"},"process":{"pid":62224,"thread":{"name":"main"}},"service":{"name":"demo4","version":"0.0.1-SNAPSHOT","node":{}},"message":"No active profile set, falling back to 1 default profile: \"default\"","tags":["COMMONS-LOGGING"],"ecs":{"version":"8.11"}}
{"@timestamp":"2026-02-09T16:16:53.822498300Z","log":{"level":"INFO","logger":"org.springframework.boot.tomcat.TomcatWebServer"},"process":{"pid":62224,"thread":{"name":"main"}},"service":{"name":"demo4","version":"0.0.1-SNAPSHOT","node":{}},"message":"Tomcat initialized with port 8080 (http)","tags":["COMMONS-LOGGING"],"ecs":{"version":"8.11"}}
{"@timestamp":"2026-02-09T16:16:53.837173800Z","log":{"level":"INFO","logger":"org.apache.catalina.core.StandardService"},"process":{"pid":62224,"thread":{"name":"main"}},"service":{"name":"demo4","version":"0.0.1-SNAPSHOT","node":{}},"message":"Starting service [Tomcat]","ecs":{"version":"8.11"}}
{"@timestamp":"2026-02-09T16:16:53.838178100Z","log":{"level":"INFO","logger":"org.apache.catalina.core.StandardEngine"},"process":{"pid":62224,"thread":{"name":"main"}},"service":{"name":"demo4","version":"0.0.1-SNAPSHOT","node":{}},"message":"Starting Servlet engine: [Apache Tomcat/11.0.15]","ecs":{"version":"8.11"}}
{"@timestamp":"2026-02-09T16:16:53.854778200Z","log":{"level":"INFO","logger":"org.springframework.boot.web.context.servlet.WebApplicationContextInitializer"},"process":{"pid":62224,"thread":{"name":"main"}},"service":{"name":"demo4","version":"0.0.1-SNAPSHOT","node":{}},"message":"Root WebApplicationContext: initialization completed in 473 ms","tags":["COMMONS-LOGGING"],"ecs":{"version":"8.11"}}
{"@timestamp":"2026-02-09T16:16:54.064240200Z","log":{"level":"INFO","logger":"org.springframework.boot.tomcat.TomcatWebServer"},"process":{"pid":62224,"thread":{"name":"main"}},"service":{"name":"demo4","version":"0.0.1-SNAPSHOT","node":{}},"message":"Tomcat started on port 8080 (http) with context path '/'","tags":["COMMONS-LOGGING"],"ecs":{"version":"8.11"}}
{"@timestamp":"2026-02-09T16:16:54.071747Z","log":{"level":"INFO","logger":"com.example.demo4.Demo4Application"},"process":{"pid":62224,"thread":{"name":"main"}},"service":{"name":"demo4","version":"0.0.1-SNAPSHOT","node":{}},"message":"Started Demo4Application in 0.972 seconds (process running for 1.243)","tags":["COMMONS-LOGGING"],"ecs":{"version":"8.11"}}
{"@timestamp":"2026-02-09T16:17:11.176208700Z","log":{"level":"INFO","logger":"org.apache.catalina.core.ContainerBase.[Tomcat].[localhost].[/]"},"process":{"pid":62224,"thread":{"name":"http-nio-8080-exec-1"}},"service":{"name":"demo4","version":"0.0.1-SNAPSHOT","node":{}},"message":"Initializing Spring DispatcherServlet 'dispatcherServlet'","ecs":{"version":"8.11"}}
{"@timestamp":"2026-02-09T16:17:11.193052400Z","log":{"level":"INFO","logger":"com.example.demo4.Sample"},"process":{"pid":62224,"thread":{"name":"http-nio-8080-exec-1"}},"service":{"name":"demo4","version":"0.0.1-SNAPSHOT","node":{}},"message":"User Juan ha iniciado sesión","ecs":{"version":"8.11"}}
{"@timestamp":"2026-02-09T16:17:24.005755200Z","log":{"level":"INFO","logger":"com.example.demo4.Sample"},"process":{"pid":62224,"thread":{"name":"http-nio-8080-exec-2"}},"service":{"name":"demo4","version":"0.0.1-SNAPSHOT","node":{}},"message":"User Juan ha iniciado sesión","ecs":{"version":"8.11"}}
{"@timestamp":"2026-02-09T17:30:34.488768500Z","log":{"level":"INFO","logger":"org.springframework.boot.tomcat.GracefulShutdown"},"process":{"pid":62224,"thread":{"name":"SpringApplicationShutdownHook"}},"service":{"name":"demo4","version":"0.0.1-SNAPSHOT","node":{}},"message":"Commencing graceful shutdown. Waiting for active requests to complete","tags":["COMMONS-LOGGING"],"ecs":{"version":"8.11"}}
{"@timestamp":"2026-02-09T17:30:34.500775600Z","log":{"level":"INFO","logger":"org.springframework.boot.tomcat.GracefulShutdown"},"process":{"pid":62224,"thread":{"name":"tomcat-shutdown"}},"service":{"name":"demo4","version":"0.0.1-SNAPSHOT","node":{}},"message":"Graceful shutdown complete","tags":["COMMONS-LOGGING"],"ecs":{"version":"8.11"}}
{"@timestamp":"2026-02-09T17:30:41.922422200Z","log":{"level":"INFO","logger":"com.example.demo4.Demo4ApplicationTests"},"process":{"pid":121296,"thread":{"name":"main"}},"service":{"name":"demo4","node":{}},"message":"Starting Demo4ApplicationTests using Java 25.0.1 with PID 121296 (started by hyujra in C:\\proys\\new\\demo4)","tags":["COMMONS-LOGGING"],"ecs":{"version":"8.11"}}
{"@timestamp":"2026-02-09T17:30:41.926978200Z","log":{"level":"INFO","logger":"com.example.demo4.Demo4ApplicationTests"},"process":{"pid":121296,"thread":{"name":"main"}},"service":{"name":"demo4","node":{}},"message":"No active profile set, falling back to 1 default profile: \"default\"","tags":["COMMONS-LOGGING"],"ecs":{"version":"8.11"}}
{"@timestamp":"2026-02-09T17:30:42.583580500Z","log":{"level":"INFO","logger":"com.example.demo4.Demo4ApplicationTests"},"process":{"pid":121296,"thread":{"name":"main"}},"service":{"name":"demo4","node":{}},"message":"Started Demo4ApplicationTests in 0.854 seconds (process running for 1.668)","tags":["COMMONS-LOGGING"],"ecs":{"version":"8.11"}}
{"@timestamp":"2026-02-09T17:30:47.059619700Z","log":{"level":"INFO","logger":"com.example.demo4.Demo4Application"},"process":{"pid":82700,"thread":{"name":"main"}},"service":{"name":"demo4","version":"0.0.1-SNAPSHOT","node":{}},"message":"Starting Demo4Application v0.0.1-SNAPSHOT using Java 25.0.1 with PID 82700 (C:\\proys\\new\\demo4\\target\\demo4-0.0.1-SNAPSHOT.jar started by hyujra in C:\\proys\\new\\demo4)","tags":["COMMONS-LOGGING"],"ecs":{"version":"8.11"}}
{"@timestamp":"2026-02-09T17:30:47.067156400Z","log":{"level":"INFO","logger":"com.example.demo4.Demo4Application"},"process":{"pid":82700,"thread":{"name":"main"}},"service":{"name":"demo4","version":"0.0.1-SNAPSHOT","node":{}},"message":"No active profile set, falling back to 1 default profile: \"default\"","tags":["COMMONS-LOGGING"],"ecs":{"version":"8.11"}}
{"@timestamp":"2026-02-09T17:30:47.630697300Z","log":{"level":"INFO","logger":"org.springframework.boot.tomcat.TomcatWebServer"},"process":{"pid":82700,"thread":{"name":"main"}},"service":{"name":"demo4","version":"0.0.1-SNAPSHOT","node":{}},"message":"Tomcat initialized with port 8080 (http)","tags":["COMMONS-LOGGING"],"ecs":{"version":"8.11"}}
{"@timestamp":"2026-02-09T17:30:47.643286300Z","log":{"level":"INFO","logger":"org.apache.catalina.core.StandardService"},"process":{"pid":82700,"thread":{"name":"main"}},"service":{"name":"demo4","version":"0.0.1-SNAPSHOT","node":{}},"message":"Starting service [Tomcat]","ecs":{"version":"8.11"}}
{"@timestamp":"2026-02-09T17:30:47.644286500Z","log":{"level":"INFO","logger":"org.apache.catalina.core.StandardEngine"},"process":{"pid":82700,"thread":{"name":"main"}},"service":{"name":"demo4","version":"0.0.1-SNAPSHOT","node":{}},"message":"Starting Servlet engine: [Apache Tomcat/11.0.15]","ecs":{"version":"8.11"}}
{"@timestamp":"2026-02-09T17:30:47.661347700Z","log":{"level":"INFO","logger":"org.springframework.boot.web.context.servlet.WebApplicationContextInitializer"},"process":{"pid":82700,"thread":{"name":"main"}},"service":{"name":"demo4","version":"0.0.1-SNAPSHOT","node":{}},"message":"Root WebApplicationContext: initialization completed in 551 ms","tags":["COMMONS-LOGGING"],"ecs":{"version":"8.11"}}
{"@timestamp":"2026-02-09T17:30:47.897896900Z","log":{"level":"INFO","logger":"org.springframework.boot.tomcat.TomcatWebServer"},"process":{"pid":82700,"thread":{"name":"main"}},"service":{"name":"demo4","version":"0.0.1-SNAPSHOT","node":{}},"message":"Tomcat started on port 8080 (http) with context path '/'","tags":["COMMONS-LOGGING"],"ecs":{"version":"8.11"}}
{"@timestamp":"2026-02-09T17:30:47.905952600Z","log":{"level":"INFO","logger":"com.example.demo4.Demo4Application"},"process":{"pid":82700,"thread":{"name":"main"}},"service":{"name":"demo4","version":"0.0.1-SNAPSHOT","node":{}},"message":"Started Demo4Application in 1.133 seconds (process running for 1.428)","tags":["COMMONS-LOGGING"],"ecs":{"version":"8.11"}}
{"@timestamp":"2026-02-09T17:31:09.673194600Z","log":{"level":"INFO","logger":"org.apache.catalina.core.ContainerBase.[Tomcat].[localhost].[/]"},"process":{"pid":82700,"thread":{"name":"http-nio-8080-exec-2"}},"service":{"name":"demo4","version":"0.0.1-SNAPSHOT","node":{}},"message":"Initializing Spring DispatcherServlet 'dispatcherServlet'","ecs":{"version":"8.11"}}
{"@timestamp":"2026-02-09T17:31:09.689643900Z","log":{"level":"INFO","logger":"com.example.demo4.Sample"},"process":{"pid":82700,"thread":{"name":"http-nio-8080-exec-2"}},"service":{"name":"demo4","version":"0.0.1-SNAPSHOT","node":{}},"message":"User Juan ha iniciado sesión","ecs":{"version":"8.11"}}
{"@timestamp":"2026-02-09T17:32:05.076507700Z","log":{"level":"INFO","logger":"com.example.demo4.Sample"},"process":{"pid":82700,"thread":{"name":"http-nio-8080-exec-4"}},"service":{"name":"demo4","version":"0.0.1-SNAPSHOT","node":{}},"message":"User Juan ha iniciado sesión","ecs":{"version":"8.11"}}
{"@timestamp":"2026-02-09T17:40:57.092027Z","log":{"level":"INFO","logger":"org.springframework.boot.tomcat.GracefulShutdown"},"process":{"pid":82700,"thread":{"name":"SpringApplicationShutdownHook"}},"service":{"name":"demo4","version":"0.0.1-SNAPSHOT","node":{}},"message":"Commencing graceful shutdown. Waiting for active requests to complete","tags":["COMMONS-LOGGING"],"ecs":{"version":"8.11"}}
{"@timestamp":"2026-02-09T17:40:57.100748Z","log":{"level":"INFO","logger":"org.springframework.boot.tomcat.GracefulShutdown"},"process":{"pid":82700,"thread":{"name":"tomcat-shutdown"}},"service":{"name":"demo4","version":"0.0.1-SNAPSHOT","node":{}},"message":"Graceful shutdown complete","tags":["COMMONS-LOGGING"],"ecs":{"version":"8.11"}}
