2026-02-09 11:19:06 [main] INFO  c.e.demo4.Demo4ApplicationTests - Starting Demo4ApplicationTests using Java 25.0.1 with PID 12472 (started by hyujra in C:\proys\new\demo4)
2026-02-09 11:19:06 [main] INFO  c.e.demo4.Demo4ApplicationTests - No active profile set, falling back to 1 default profile: "default"
2026-02-09 11:19:07 [main] INFO  c.e.demo4.Demo4ApplicationTests - Started Demo4ApplicationTests in 0.776 seconds (process running for 1.342)
2026-02-09 11:19:10 [main] INFO  com.example.demo4.Demo4Application - Starting Demo4Application v0.0.1-SNAPSHOT using Java 25.0.1 with PID 7916 (C:\proys\new\demo4\target\demo4-0.0.1-SNAPSHOT.jar started by hyujra in C:\proys\new\demo4)
2026-02-09 11:19:10 [main] INFO  com.example.demo4.Demo4Application - No active profile set, falling back to 1 default profile: "default"
2026-02-09 11:19:11 [main] INFO  o.s.boot.tomcat.TomcatWebServer - Tomcat initialized with port 8080 (http)
2026-02-09 11:19:11 [main] INFO  o.a.coyote.http11.Http11NioProtocol - Initializing ProtocolHandler ["http-nio-8080"]
2026-02-09 11:19:11 [main] INFO  o.a.catalina.core.StandardService - Starting service [Tomcat]
2026-02-09 11:19:11 [main] INFO  o.a.catalina.core.StandardEngine - Starting Servlet engine: [Apache Tomcat/11.0.15]
2026-02-09 11:19:11 [main] INFO  o.s.b.w.c.s.WebApplicationContextInitializer - Root WebApplicationContext: initialization completed in 426 ms
2026-02-09 11:19:11 [main] INFO  o.a.coyote.http11.Http11NioProtocol - Starting ProtocolHandler ["http-nio-8080"]
2026-02-09 11:19:11 [main] INFO  o.s.boot.tomcat.TomcatWebServer - Tomcat started on port 8080 (http) with context path '/'
2026-02-09 11:19:11 [main] INFO  com.example.demo4.Demo4Application - Started Demo4Application in 0.962 seconds (process running for 1.213)
2026-02-09 11:20:14 [http-nio-8080-exec-1] INFO  o.a.c.c.C.[Tomcat].[localhost].[/] - Initializing Spring DispatcherServlet 'dispatcherServlet'
2026-02-09 11:20:14 [http-nio-8080-exec-1] INFO  com.example.demo4.Sample - User Juan ha iniciado sesión
2026-02-09 11:20:53 [http-nio-8080-exec-9] INFO  com.example.demo4.Sample11 - Mensaje INFO - información general
2026-02-09 11:20:53 [http-nio-8080-exec-9] WARN  com.example.demo4.Sample11 - Mensaje WARN - advertencia
2026-02-09 11:20:53 [http-nio-8080-exec-9] ERROR com.example.demo4.Sample11 - Mensaje ERROR - error
2026-02-09 11:20:53 [http-nio-8080-exec-9] ERROR com.example.demo4.Sample11 - Error procesando solicitud
java.lang.ArithmeticException: / by zero
	at com.example.demo4.Sample11.get(Sample11.java:24)
	at java.base/jdk.internal.reflect.DirectMethodHandleAccessor.invoke(DirectMethodHandleAccessor.java:104)
	at java.base/java.lang.reflect.Method.invoke(Method.java:565)
	at org.springframework.web.method.support.InvocableHandlerMethod.doInvoke(InvocableHandlerMethod.java:258)
	at org.springframework.web.method.support.InvocableHandlerMethod.invokeForRequest(InvocableHandlerMethod.java:190)
	at org.springframework.web.servlet.mvc.method.annotation.ServletInvocableHandlerMethod.invokeAndHandle(ServletInvocableHandlerMethod.java:117)
	at org.springframework.web.servlet.mvc.method.annotation.RequestMappingHandlerAdapter.invokeHandlerMethod(RequestMappingHandlerAdapter.java:934)
	at org.springframework.web.servlet.mvc.method.annotation.RequestMappingHandlerAdapter.handleInternal(RequestMappingHandlerAdapter.java:853)
	at org.springframework.web.servlet.mvc.method.AbstractHandlerMethodAdapter.handle(AbstractHandlerMethodAdapter.java:86)
	at org.springframework.web.servlet.DispatcherServlet.doDispatch(DispatcherServlet.java:963)
	at org.springframework.web.servlet.DispatcherServlet.doService(DispatcherServlet.java:866)
	at org.springframework.web.servlet.FrameworkServlet.processRequest(FrameworkServlet.java:1003)
	at org.springframework.web.servlet.FrameworkServlet.doGet(FrameworkServlet.java:892)
	at jakarta.servlet.http.HttpServlet.service(HttpServlet.java:622)
	at org.springframework.web.servlet.FrameworkServlet.service(FrameworkServlet.java:874)
	at jakarta.servlet.http.HttpServlet.service(HttpServlet.java:710)
	at org.apache.catalina.core.ApplicationFilterChain.doFilter(ApplicationFilterChain.java:128)
	at org.apache.tomcat.websocket.server.WsFilter.doFilter(WsFilter.java:53)
	at org.apache.catalina.core.ApplicationFilterChain.doFilter(ApplicationFilterChain.java:107)
	at org.springframework.web.filter.RequestContextFilter.doFilterInternal(RequestContextFilter.java:100)
	at org.springframework.web.filter.OncePerRequestFilter.doFilter(OncePerRequestFilter.java:116)
	at org.apache.catalina.core.ApplicationFilterChain.doFilter(ApplicationFilterChain.java:107)
	at org.springframework.web.filter.FormContentFilter.doFilterInternal(FormContentFilter.java:93)
	at org.springframework.web.filter.OncePerRequestFilter.doFilter(OncePerRequestFilter.java:116)
	at org.apache.catalina.core.ApplicationFilterChain.doFilter(ApplicationFilterChain.java:107)
	at org.springframework.web.filter.CharacterEncodingFilter.doFilterInternal(CharacterEncodingFilter.java:199)
	at org.springframework.web.filter.OncePerRequestFilter.doFilter(OncePerRequestFilter.java:116)
	at org.apache.catalina.core.ApplicationFilterChain.doFilter(ApplicationFilterChain.java:107)
	at org.apache.catalina.core.StandardWrapperValve.invoke(StandardWrapperValve.java:165)
	at org.apache.catalina.core.StandardContextValve.invoke(StandardContextValve.java:77)
	at org.apache.catalina.authenticator.AuthenticatorBase.invoke(AuthenticatorBase.java:482)
	at org.apache.catalina.core.StandardHostValve.invoke(StandardHostValve.java:113)
	at org.apache.catalina.valves.ErrorReportValve.invoke(ErrorReportValve.java:83)
	at org.apache.catalina.core.StandardEngineValve.invoke(StandardEngineValve.java:72)
	at org.apache.catalina.connector.CoyoteAdapter.service(CoyoteAdapter.java:341)
	at org.apache.coyote.http11.Http11Processor.service(Http11Processor.java:397)
	at org.apache.coyote.AbstractProcessorLight.process(AbstractProcessorLight.java:63)
	at org.apache.coyote.AbstractProtocol$ConnectionHandler.process(AbstractProtocol.java:903)
	at org.apache.tomcat.util.net.NioEndpoint$SocketProcessor.doRun(NioEndpoint.java:1778)
	at org.apache.tomcat.util.net.SocketProcessorBase.run(SocketProcessorBase.java:52)
	at org.apache.tomcat.util.threads.ThreadPoolExecutor.runWorker(ThreadPoolExecutor.java:946)
	at org.apache.tomcat.util.threads.ThreadPoolExecutor$Worker.run(ThreadPoolExecutor.java:480)
	at org.apache.tomcat.util.threads.TaskThread$WrappingRunnable.run(TaskThread.java:57)
	at java.base/java.lang.Thread.run(Thread.java:1474)
2026-02-09 11:23:36 [SpringApplicationShutdownHook] INFO  o.s.boot.tomcat.GracefulShutdown - Commencing graceful shutdown. Waiting for active requests to complete
2026-02-09 11:23:36 [tomcat-shutdown] INFO  o.s.boot.tomcat.GracefulShutdown - Graceful shutdown complete
2026-02-09 11:23:41 [main] INFO  c.e.demo4.Demo4ApplicationTests - Starting Demo4ApplicationTests using Java 25.0.1 with PID 51680 (started by hyujra in C:\proys\new\demo4)
2026-02-09 11:23:41 [main] INFO  c.e.demo4.Demo4ApplicationTests - No active profile set, falling back to 1 default profile: "default"
2026-02-09 11:23:42 [main] INFO  c.e.demo4.Demo4ApplicationTests - Started Demo4ApplicationTests in 0.683 seconds (process running for 1.265)
2026-02-09 11:23:47 [main] INFO  com.example.demo4.Demo4Application - Starting Demo4Application v0.0.1-SNAPSHOT using Java 25.0.1 with PID 87288 (C:\proys\new\demo4\target\demo4-0.0.1-SNAPSHOT.jar started by hyujra in C:\proys\new\demo4)
2026-02-09 11:23:47 [main] INFO  com.example.demo4.Demo4Application - No active profile set, falling back to 1 default profile: "default"
2026-02-09 11:23:47 [main] INFO  o.s.boot.tomcat.TomcatWebServer - Tomcat initialized with port 8080 (http)
2026-02-09 11:23:47 [main] INFO  o.a.coyote.http11.Http11NioProtocol - Initializing ProtocolHandler ["http-nio-8080"]
2026-02-09 11:23:47 [main] INFO  o.a.catalina.core.StandardService - Starting service [Tomcat]
2026-02-09 11:23:47 [main] INFO  o.a.catalina.core.StandardEngine - Starting Servlet engine: [Apache Tomcat/11.0.15]
2026-02-09 11:23:47 [main] INFO  o.s.b.w.c.s.WebApplicationContextInitializer - Root WebApplicationContext: initialization completed in 431 ms
2026-02-09 11:23:48 [main] INFO  o.a.coyote.http11.Http11NioProtocol - Starting ProtocolHandler ["http-nio-8080"]
2026-02-09 11:23:48 [main] INFO  o.s.boot.tomcat.TomcatWebServer - Tomcat started on port 8080 (http) with context path '/'
2026-02-09 11:23:48 [main] INFO  com.example.demo4.Demo4Application - Started Demo4Application in 0.961 seconds (process running for 1.211)
2026-02-09 11:24:03 [http-nio-8080-exec-1] INFO  o.a.c.c.C.[Tomcat].[localhost].[/] - Initializing Spring DispatcherServlet 'dispatcherServlet'
2026-02-09 11:24:03 [http-nio-8080-exec-1] INFO  com.example.demo4.Sample - User Juan ha iniciado sesión
2026-02-09 12:09:19 [SpringApplicationShutdownHook] INFO  o.s.boot.tomcat.GracefulShutdown - Commencing graceful shutdown. Waiting for active requests to complete
2026-02-09 12:09:19 [tomcat-shutdown] INFO  o.s.boot.tomcat.GracefulShutdown - Graceful shutdown complete
